0 info it worked if it ends with ok
1 verbose cli [ 'C:\\Program Files\\nodejs\\node.exe',
1 verbose cli   'C:\\Program Files\\nodejs\\node_modules\\npm\\bin\\npm-cli.js',
1 verbose cli   'publish' ]
2 info using npm@2.14.12
3 info using node@v4.2.4
4 verbose publish [ '.' ]
5 silly cache add args [ '.', null ]
6 verbose cache add spec .
7 silly cache add parsed spec Result {
7 silly cache add   raw: '.',
7 silly cache add   scope: null,
7 silly cache add   name: null,
7 silly cache add   rawSpec: '.',
7 silly cache add   spec: 'D:\\xampp\\htdocs\\node\\myfirstmodule',
7 silly cache add   type: 'directory' }
8 verbose addLocalDirectory C:\Users\tbs\AppData\Roaming\npm-cache\myfirstmodule\1.0.0\package.tgz not in flight; packing
9 verbose tar pack [ 'C:\\Users\\tbs\\AppData\\Roaming\\npm-cache\\myfirstmodule\\1.0.0\\package.tgz',
9 verbose tar pack   'D:\\xampp\\htdocs\\node\\myfirstmodule' ]
10 verbose tarball C:\Users\tbs\AppData\Roaming\npm-cache\myfirstmodule\1.0.0\package.tgz
11 verbose folder D:\xampp\htdocs\node\myfirstmodule
12 info prepublish myfirstmodule@1.0.0
13 verbose addLocalTarball adding from inside cache C:\Users\tbs\AppData\Roaming\npm-cache\myfirstmodule\1.0.0\package.tgz
14 silly cache afterAdd myfirstmodule@1.0.0
15 verbose afterAdd C:\Users\tbs\AppData\Roaming\npm-cache\myfirstmodule\1.0.0\package\package.json not in flight; writing
16 verbose afterAdd C:\Users\tbs\AppData\Roaming\npm-cache\myfirstmodule\1.0.0\package\package.json written
17 silly publish { name: 'myfirstmodule',
17 silly publish   version: '1.0.0',
17 silly publish   description: 'creating a test module',
17 silly publish   main: 'hello.js',
17 silly publish   dependencies: { express: '^4.13.3' },
17 silly publish   devDependencies: {},
17 silly publish   scripts: { test: 'firstm' },
17 silly publish   repository:
17 silly publish    { type: 'git',
17 silly publish      url: 'git+https://github.com/sujeet020202/myFirstNodeModule.git' },
17 silly publish   keywords: [ 'sujeet', 'firstmodule' ],
17 silly publish   author: { name: 'sujeet dagor' },
17 silly publish   license: 'ISC',
17 silly publish   bugs: { url: 'https://github.com/sujeet020202/myFirstNodeModule/issues' },
17 silly publish   homepage: 'https://github.com/sujeet020202/myFirstNodeModule#readme',
17 silly publish   readme: 'ERROR: No README data found!',
17 silly publish   _id: 'myfirstmodule@1.0.0',
17 silly publish   _shasum: '3f2f0549e3184515a38c1685b35da27fc753bfa9',
17 silly publish   _from: '.' }
18 verbose getPublishConfig undefined
19 silly mapToRegistry name myfirstmodule
20 silly mapToRegistry using default registry
21 silly mapToRegistry registry https://registry.npmjs.org/
22 silly mapToRegistry uri https://registry.npmjs.org/myfirstmodule
23 verbose publish registryBase https://registry.npmjs.org/
24 silly publish uploading C:\Users\tbs\AppData\Roaming\npm-cache\myfirstmodule\1.0.0\package.tgz
25 verbose request uri https://registry.npmjs.org/myfirstmodule
26 verbose request sending authorization for write operation
27 info attempt registry request try #1 at 11:15:21 AM
28 verbose request using bearer token for auth
29 verbose request id c0b704d5607cbe9c
30 http request PUT https://registry.npmjs.org/myfirstmodule
31 http 403 https://registry.npmjs.org/myfirstmodule
32 verbose headers { 'content-type': 'application/json',
32 verbose headers   'cache-control': 'max-age=300',
32 verbose headers   'content-length': '105',
32 verbose headers   'accept-ranges': 'bytes',
32 verbose headers   date: 'Fri, 01 Jan 2016 05:45:28 GMT',
32 verbose headers   via: '1.1 varnish',
32 verbose headers   connection: 'keep-alive',
32 verbose headers   'x-served-by': 'cache-sin6920-SIN',
32 verbose headers   'x-cache': 'MISS',
32 verbose headers   'x-cache-hits': '0',
32 verbose headers   'x-timer': 'S1451627127.268764,VS0,VE800' }
33 verbose request invalidating C:\Users\tbs\AppData\Roaming\npm-cache\registry.npmjs.org\myfirstmodule on PUT
34 error publish Failed PUT 403
35 verbose stack Error: You do not have permission to publish 'myfirstmodule'. Are you logged in as the correct user? : myfirstmodule
35 verbose stack     at makeError (C:\Program Files\nodejs\node_modules\npm\node_modules\npm-registry-client\lib\request.js:264:12)
35 verbose stack     at CachingRegistryClient.<anonymous> (C:\Program Files\nodejs\node_modules\npm\node_modules\npm-registry-client\lib\request.js:252:14)
35 verbose stack     at Request._callback (C:\Program Files\nodejs\node_modules\npm\node_modules\npm-registry-client\lib\request.js:172:14)
35 verbose stack     at Request.self.callback (C:\Program Files\nodejs\node_modules\npm\node_modules\request\request.js:198:22)
35 verbose stack     at emitTwo (events.js:87:13)
35 verbose stack     at Request.emit (events.js:172:7)
35 verbose stack     at Request.<anonymous> (C:\Program Files\nodejs\node_modules\npm\node_modules\request\request.js:1082:10)
35 verbose stack     at emitOne (events.js:82:20)
35 verbose stack     at Request.emit (events.js:169:7)
35 verbose stack     at IncomingMessage.<anonymous> (C:\Program Files\nodejs\node_modules\npm\node_modules\request\request.js:1009:12)
36 verbose statusCode 403
37 verbose pkgid myfirstmodule
38 verbose cwd D:\xampp\htdocs\node\myfirstmodule
39 error Windows_NT 6.1.7601
40 error argv "C:\\Program Files\\nodejs\\node.exe" "C:\\Program Files\\nodejs\\node_modules\\npm\\bin\\npm-cli.js" "publish"
41 error node v4.2.4
42 error npm  v2.14.12
43 error code E403
44 error You do not have permission to publish 'myfirstmodule'. Are you logged in as the correct user? : myfirstmodule
45 error If you need help, you may report this error at:
45 error     <https://github.com/npm/npm/issues>
46 verbose exit [ 1, true ]
